Determining if the pthread_create exist failed with the following output:
Change Dir: /home/pi/Documents/Robotics485Project/pixyStuff/build/libpixyusb/CMakeFiles/CMakeTmp

Run Build Command:"/usr/bin/make" "cmTC_b2652/fast"
/usr/bin/make -f CMakeFiles/cmTC_b2652.dir/build.make CMakeFiles/cmTC_b2652.dir/build
make[1]: Entering directory '/home/pi/Documents/Robotics485Project/pixyStuff/build/libpixyusb/CMakeFiles/CMakeTmp'
Building CXX object CMakeFiles/cmTC_b2652.dir/CheckSymbolExists.cxx.o
/usr/bin/c++     -o CMakeFiles/cmTC_b2652.dir/CheckSymbolExists.cxx.o -c /home/pi/Documents/Robotics485Project/pixyStuff/build/libpixyusb/CMakeFiles/CMakeTmp/CheckSymbolExists.cxx
Linking CXX executable cmTC_b2652
/usr/bin/cmake -E cmake_link_script CMakeFiles/cmTC_b2652.dir/link.txt --verbose=1
/usr/bin/c++       -rdynamic CMakeFiles/cmTC_b2652.dir/CheckSymbolExists.cxx.o  -o cmTC_b2652 
/usr/bin/ld: CMakeFiles/cmTC_b2652.dir/CheckSymbolExists.cxx.o: in function `main':
CheckSymbolExists.cxx:(.text+0x38): undefined reference to `pthread_create'
collect2: error: ld returned 1 exit status
make[1]: *** [CMakeFiles/cmTC_b2652.dir/build.make:87: cmTC_b2652] Error 1
make[1]: Leaving directory '/home/pi/Documents/Robotics485Project/pixyStuff/build/libpixyusb/CMakeFiles/CMakeTmp'
make: *** [Makefile:121: cmTC_b2652/fast] Error 2

File /home/pi/Documents/Robotics485Project/pixyStuff/build/libpixyusb/CMakeFiles/CMakeTmp/CheckSymbolExists.cxx:
/* */
#include <pthread.h>

int main(int argc, char** argv)
{
  (void)argv;
#ifndef pthread_create
  return ((int*)(&pthread_create))[argc];
#else
  (void)argc;
  return 0;
#endif
}

Determining if the function pthread_create exists in the pthreads failed with the following output:
Change Dir: /home/pi/Documents/Robotics485Project/pixyStuff/build/libpixyusb/CMakeFiles/CMakeTmp

Run Build Command:"/usr/bin/make" "cmTC_38526/fast"
/usr/bin/make -f CMakeFiles/cmTC_38526.dir/build.make CMakeFiles/cmTC_38526.dir/build
make[1]: Entering directory '/home/pi/Documents/Robotics485Project/pixyStuff/build/libpixyusb/CMakeFiles/CMakeTmp'
Building CXX object CMakeFiles/cmTC_38526.dir/CheckFunctionExists.cxx.o
/usr/bin/c++    -DCHECK_FUNCTION_EXISTS=pthread_create   -o CMakeFiles/cmTC_38526.dir/CheckFunctionExists.cxx.o -c /home/pi/Documents/Robotics485Project/pixyStuff/build/libpixyusb/CMakeFiles/CheckLibraryExists/CheckFunctionExists.cxx
Linking CXX executable cmTC_38526
/usr/bin/cmake -E cmake_link_script CMakeFiles/cmTC_38526.dir/link.txt --verbose=1
/usr/bin/c++   -DCHECK_FUNCTION_EXISTS=pthread_create    -rdynamic CMakeFiles/cmTC_38526.dir/CheckFunctionExists.cxx.o  -o cmTC_38526 -lpthreads 
/usr/bin/ld: cannot find -lpthreads
collect2: error: ld returned 1 exit status
make[1]: *** [CMakeFiles/cmTC_38526.dir/build.make:87: cmTC_38526] Error 1
make[1]: Leaving directory '/home/pi/Documents/Robotics485Project/pixyStuff/build/libpixyusb/CMakeFiles/CMakeTmp'
make: *** [Makefile:121: cmTC_38526/fast] Error 2


